mode: set
grpc-project/cmd/server/service/booking.go:18.131,21.69 1 1
grpc-project/cmd/server/service/booking.go:21.69,23.3 1 1
grpc-project/cmd/server/service/booking.go:24.2,28.37 3 1
grpc-project/cmd/server/service/booking.go:28.37,30.3 1 1
grpc-project/cmd/server/service/booking.go:33.2,69.22 6 1
grpc-project/cmd/server/service/booking.go:71.119,73.36 1 1
grpc-project/cmd/server/service/booking.go:73.36,75.3 1 1
grpc-project/cmd/server/service/booking.go:78.2,79.17 2 1
grpc-project/cmd/server/service/booking.go:79.17,81.3 1 1
grpc-project/cmd/server/service/booking.go:83.2,85.22 2 1
grpc-project/cmd/server/service/booking.go:87.158,88.39 1 1
grpc-project/cmd/server/service/booking.go:88.39,90.3 1 1
grpc-project/cmd/server/service/booking.go:91.2,92.20 2 1
grpc-project/cmd/server/service/booking.go:92.20,94.3 1 1
grpc-project/cmd/server/service/booking.go:95.2,99.33 3 1
grpc-project/cmd/server/service/booking.go:99.33,107.23 2 1
grpc-project/cmd/server/service/booking.go:107.23,114.4 1 1
grpc-project/cmd/server/service/booking.go:115.3,115.41 1 1
grpc-project/cmd/server/service/booking.go:119.2,122.22 2 1
grpc-project/cmd/server/service/booking.go:124.125,127.39 1 1
grpc-project/cmd/server/service/booking.go:127.39,129.3 1 1
grpc-project/cmd/server/service/booking.go:132.2,133.16 2 1
grpc-project/cmd/server/service/booking.go:133.16,136.3 1 1
grpc-project/cmd/server/service/booking.go:137.2,137.42 1 1
grpc-project/cmd/server/service/booking.go:137.42,139.3 1 0
grpc-project/cmd/server/service/booking.go:142.2,154.17 7 1
grpc-project/cmd/server/service/booking.go:154.17,155.41 1 1
grpc-project/cmd/server/service/booking.go:155.41,156.35 1 1
grpc-project/cmd/server/service/booking.go:156.35,158.10 2 1
grpc-project/cmd/server/service/booking.go:164.2,171.22 3 1
grpc-project/cmd/server/service/booking.go:173.137,175.88 1 1
grpc-project/cmd/server/service/booking.go:175.88,177.3 1 1
grpc-project/cmd/server/service/booking.go:178.2,179.16 2 1
grpc-project/cmd/server/service/booking.go:179.16,181.3 1 1
grpc-project/cmd/server/service/booking.go:182.2,182.42 1 1
grpc-project/cmd/server/service/booking.go:182.42,184.3 1 0
grpc-project/cmd/server/service/booking.go:185.2,188.46 3 1
grpc-project/cmd/server/service/booking.go:188.46,190.3 1 0
grpc-project/cmd/server/service/booking.go:191.2,194.27 4 1
grpc-project/cmd/server/service/booking.go:194.27,196.3 1 1
grpc-project/cmd/server/service/booking.go:199.2,200.20 2 1
grpc-project/cmd/server/service/booking.go:200.20,203.3 2 1
grpc-project/cmd/server/service/booking.go:205.2,216.37 8 1
grpc-project/cmd/server/service/booking.go:216.37,217.25 1 1
grpc-project/cmd/server/service/booking.go:217.25,219.9 2 1
grpc-project/cmd/server/service/booking.go:224.2,224.37 1 1
grpc-project/cmd/server/service/booking.go:224.37,225.25 1 1
grpc-project/cmd/server/service/booking.go:225.25,226.46 1 1
grpc-project/cmd/server/service/booking.go:226.46,227.37 1 1
grpc-project/cmd/server/service/booking.go:227.37,229.11 2 1
grpc-project/cmd/server/service/booking.go:232.4,232.9 1 1
grpc-project/cmd/server/service/booking.go:237.2,254.22 2 1
grpc-project/cmd/server/service/booking.go:258.116,261.39 3 1
grpc-project/cmd/server/service/booking.go:261.39,277.3 1 1
grpc-project/cmd/server/service/booking.go:278.2,281.23 2 1
grpc-project/cmd/server/service/booking.go:283.74,286.35 2 1
grpc-project/cmd/server/service/booking.go:286.35,287.33 1 1
grpc-project/cmd/server/service/booking.go:287.33,289.33 2 1
grpc-project/cmd/server/service/booking.go:289.33,291.20 2 1
grpc-project/cmd/server/service/booking.go:291.20,294.6 2 1
grpc-project/cmd/server/service/booking.go:295.5,296.43 2 1
grpc-project/cmd/server/service/booking.go:300.2,300.15 1 1
grpc-project/cmd/server/service/booking.go:302.78,304.37 1 1
grpc-project/cmd/server/service/booking.go:304.37,305.25 1 1
grpc-project/cmd/server/service/booking.go:305.25,307.4 1 1
grpc-project/cmd/server/service/booking.go:309.2,309.11 1 0
grpc-project/cmd/server/service/booking.go:311.63,312.17 1 1
grpc-project/cmd/server/service/booking.go:312.17,314.3 1 0
grpc-project/cmd/server/service/booking.go:315.2,320.3 1 1
